graph.adb:11:16: info: precondition proved[#50]
graph.adb:21:16: info: precondition proved[#81]
graph.adb:22:38: info: initialization of "e.To" proved[#0]
graph.adb:22:38: info: initialization of "e.From" proved[#1]
graph.adb:27:07: info: initialization of private part of "working" proved[#15]
graph.adb:28:38: info: precondition proved[#61]
graph.adb:30:22: info: precondition proved[#83]
graph.adb:30:70: info: initialization of "c" proved[#23]
graph.adb:31:24: info: precondition proved[#51]
graph.adb:31:41: info: initialization of "c" proved[#16]
graph.adb:33:22: info: precondition proved[#46]
graph.adb:33:44: info: initialization of private part of "working" proved[#17]
graph.adb:33:74: info: precondition proved[#53]
graph.adb:33:91: info: initialization of "c" proved[#18]
graph.adb:35:23: info: precondition proved[#85]
graph.adb:35:40: info: initialization of "c" proved[#19]
graph.adb:36:22: info: precondition proved[#57]
graph.adb:36:44: info: initialization of private part of "working" proved[#20]
graph.adb:36:74: info: precondition proved[#55]
graph.adb:36:91: info: initialization of "c" proved[#21]
graph.adb:38:24: info: precondition proved[#43]
graph.adb:38:38: info: initialization of "c" proved[#22]
graph.adb:41:14: info: initialization of private part of "working" proved[#24]
graph.adb:47:07: info: initialization of private part of "reach" proved[#25]
graph.adb:53:16: medium: discriminant check might fail[#40]
graph.adb:53:16: medium: precondition might fail[#42]
graph.adb:54:20: info: precondition proved[#54]
graph.adb:54:43: info: initialization of private part of "reach" proved[#26]
graph.adb:57:28: info: precondition proved[#75]
graph.adb:57:48: info: initialization of private part of "reach" proved[#27]
graph.adb:58:22: info: precondition proved[#82]
graph.adb:58:35: info: initialization of private part of "reach" proved[#36]
graph.adb:58:42: info: initialization of "c1" proved[#35]
graph.adb:59:28: info: initialization of "distance" proved[#28]
graph.adb:59:36: info: overflow check proved[#63]
graph.adb:60:32: info: precondition proved[#74]
graph.adb:60:55: info: initialization of private part of "reach" proved[#29]
graph.adb:61:30: info: precondition proved[#47]
graph.adb:61:39: info: initialization of private part of "reach" proved[#31]
graph.adb:61:45: info: initialization of "c1" proved[#30]
graph.adb:62:25: info: precondition proved[#45]
graph.adb:62:25: info: discriminant check proved[#59]
graph.adb:62:39: info: initialization of "Next" proved[#32]
graph.adb:63:27: info: precondition proved[#65]
graph.adb:63:33: info: initialization of private part of "reach" proved[#34]
graph.adb:63:39: info: initialization of "c1" proved[#33]
graph.adb:65:17: info: initialization of "distance" proved[#37]
graph.adb:74:39: info: precondition proved[#60]
graph.adb:80:22: info: precondition proved[#49]
graph.adb:80:69: info: initialization of "c" proved[#13]
graph.adb:81:29: info: precondition proved[#62]
graph.adb:81:46: info: initialization of "c" proved[#2]
graph.adb:82:23: info: precondition proved[#88]
graph.adb:82:37: info: initialization of "c" proved[#3]
graph.adb:83:25: info: precondition proved[#76]
graph.adb:83:73: info: initialization of "c1" proved[#11]
graph.adb:84:32: info: precondition proved[#87]
graph.adb:84:49: info: initialization of "c1" proved[#4]
graph.adb:85:21: info: precondition proved[#48]
graph.adb:85:40: info: initialization of "source" proved[#5]
graph.adb:85:57: info: initialization of "target" proved[#6]
graph.adb:87:27: info: precondition proved[#58]
graph.adb:87:42: info: initialization of "c1" proved[#7]
graph.adb:88:20: info: initialization of "value" proved[#9]
graph.adb:88:27: info: initialization of "diameter" proved[#8]
graph.adb:89:30: info: initialization of "value" proved[#10]
graph.adb:92:26: info: precondition proved[#44]
graph.adb:92:40: info: initialization of "c" proved[#12]
graph.adb:94:17: info: initialization of "diameter" proved[#14]
graph.adb:102:38: info: precondition proved[#68]
graph.adb:103:24: info: precondition proved[#56]
graph.adb:104:12: medium: overflow check might fail[#41]
graph.adb:104:13: info: initialization of "diametervalue" proved[#38]
graph.adb:104:30: info: initialization of "nodenumber" proved[#39]
graph.ads:35:24: info: precondition proved[#67]
graph.ads:36:16: info: postcondition proved[#52]
graph.ads:36:29: info: precondition proved[#73]
graph.ads:40:24: info: precondition proved[#89]
graph.ads:41:15: info: postcondition proved[#77]
graph.ads:41:28: info: precondition proved[#80]
graph.ads:45:22: info: precondition proved[#69]
graph.ads:45:56: info: precondition proved[#70]
graph.ads:49:06: info: postcondition proved[#84]
graph.ads:49:15: info: precondition proved[#72]
graph.ads:52:27: info: precondition proved[#71]
graph.ads:53:15: info: precondition proved[#86]
graph.ads:56:25: info: precondition proved[#66]
graph.ads:56:76: info: precondition proved[#78]
graph.ads:59:27: info: precondition proved[#64]
graph.ads:59:78: info: precondition proved[#79]
